<html xmlns:lxslt="http://xml.apache.org/xslt" xmlns:stringutils="xalan://org.apache.tools.ant.util.StringUtils">
<head>
<META http-equiv="Content-Type" content="text/html; charset=US-ASCII">
<title>Unit Test Results: All Failures</title>
<link rel="stylesheet" type="text/css" title="Style" href="stylesheet.css">
</head>
<body onload="open('allclasses-frame.html','classListFrame')">
<h1>Unit Test Results.</h1>
<table width="100%">
<tr>
<td align="left"></td><td align="right">Designed for use with <a href="http://www.junit.org/">JUnit</a> and <a href="http://ant.apache.org/">Ant</a>.</td>
</tr>
</table>
<hr size="1">
<h2>All Failures</h2>
<table class="details" border="0" cellpadding="5" cellspacing="2" width="95%">
<tr valign="top">
<th>Class</th><th>Name</th><th>Status</th><th width="80%">Type</th><th nowrap>Time(s)</th>
</tr>
<tr valign="top" class="Failure">
<td><a href="com/visionarysoftwaresolutions/1_QuestionControllerTests.html">QuestionControllerTests</a></td><td><a name="testCreateValidMultipleChoiceQuestion"></a><a href="com/visionarysoftwaresolutions/1_QuestionControllerTests.html#testCreateValidMultipleChoiceQuestion">testCreateValidMultipleChoiceQuestion</a></td><td>Failure</td><td>junit.framework.AssertionFailedError: expected:&lt;1&gt; but was:&lt;1&gt;<pre>junit.framework.AssertionFailedError: junit.framework.AssertionFailedError: expected:&lt;1&gt; but was:&lt;1&gt;
	at com.visionarysoftwaresolutions.QuestionControllerTests.testCreateValidMultipleChoiceQuestion(QuestionControllerTests.groovy:36)
</pre>
</td><td>0.978</td>
</tr>
<tr valign="top" class="Failure">
<td><a href="com/visionarysoftwaresolutions/1_QuestionControllerTests.html">QuestionControllerTests</a></td><td><a name="testCreateInvalidMultipleChoiceQuestionWithBlankQuestionText"></a><a href="com/visionarysoftwaresolutions/1_QuestionControllerTests.html#testCreateInvalidMultipleChoiceQuestionWithBlankQuestionText">testCreateInvalidMultipleChoiceQuestionWithBlankQuestionText</a></td><td>Failure</td><td>junit.framework.AssertionFailedError: Closure com.visionarysoftwaresolutions.QuestionControllerTests$_testCreateInvalidMultipleChoiceQuestionWithBlankQuestionText_closure3@52aaf3d2 should have failed with an exception of type com.visionarysoftwaresolutions.QuestionException, instead got Exception groovy.lang.MissingPropertyException: No such property: id for class: com.visionarysoftwaresolutions.QuestionControllerTests<pre>junit.framework.AssertionFailedError: junit.framework.AssertionFailedError: Closure com.visionarysoftwaresolutions.QuestionControllerTests$_testCreateInvalidMultipleChoiceQuestionWithBlankQuestionText_closure3@52aaf3d2 should have failed with an exception of type com.visionarysoftwaresolutions.QuestionException, instead got Exception groovy.lang.MissingPropertyException: No such property: id for class: com.visionarysoftwaresolutions.QuestionControllerTests
	at com.visionarysoftwaresolutions.QuestionControllerTests.testCreateInvalidMultipleChoiceQuestionWithBlankQuestionText(QuestionControllerTests.groovy:46)
</pre>
</td><td>0.042</td>
</tr>
<tr valign="top" class="Failure">
<td><a href="com/visionarysoftwaresolutions/1_QuestionControllerTests.html">QuestionControllerTests</a></td><td><a name="testCreateInvalidMultipleChoiceQuestionWithBlankAnswerText"></a><a href="com/visionarysoftwaresolutions/1_QuestionControllerTests.html#testCreateInvalidMultipleChoiceQuestionWithBlankAnswerText">testCreateInvalidMultipleChoiceQuestionWithBlankAnswerText</a></td><td>Failure</td><td>junit.framework.AssertionFailedError: Closure com.visionarysoftwaresolutions.QuestionControllerTests$_testCreateInvalidMultipleChoiceQuestionWithBlankAnswerText_closure5@41649a55 should have failed with an exception of type com.visionarysoftwaresolutions.AnswerException, instead got Exception groovy.lang.MissingPropertyException: No such property: id for class: com.visionarysoftwaresolutions.QuestionControllerTests<pre>junit.framework.AssertionFailedError: junit.framework.AssertionFailedError: Closure com.visionarysoftwaresolutions.QuestionControllerTests$_testCreateInvalidMultipleChoiceQuestionWithBlankAnswerText_closure5@41649a55 should have failed with an exception of type com.visionarysoftwaresolutions.AnswerException, instead got Exception groovy.lang.MissingPropertyException: No such property: id for class: com.visionarysoftwaresolutions.QuestionControllerTests
	at com.visionarysoftwaresolutions.QuestionControllerTests.testCreateInvalidMultipleChoiceQuestionWithBlankAnswerText(QuestionControllerTests.groovy:61)
</pre>
</td><td>0.034</td>
</tr>
</table>
</body>
</html>
